<component name="libraryTable">
  <library name="junit-platform-suite-api_1.11.4">
    <CLASSES>
      <root url="jar://$USER_HOME$/Downloads/junit-platform-suite-api_1.11.4.jar!/" />
      <root url="jar://$USER_HOME$/Downloads/junit-jupiter-5.13.0-M2.jar!/" />
      <root url="jar://$USER_HOME$/Downloads/junit-platform-launcher-1.13.0-M2.jar!/" />
      <root url="jar://$USER_HOME$/Downloads/junit-jupiter-api-5.13.0-M2.jar!/" />
      <root url="jar://$USER_HOME$/Downloads/junit-jupiter-engine-5.13.0-M2.jar!/" />
    </CLASSES>
    <JAVADOC />
    <SOURCES />
  </library>
</component>